2024-09-22 10:10:29,353 - __main__ - INFO - Token value: Token not available!
2024-09-22 10:11:11,430 - __main__ - INFO - Token value: Token not available!
2024-09-22 10:14:10,891 - __main__ - INFO - Token value: Token not available!
2024-09-22 11:16:32,166 - __main__ - INFO - Token value: Token not available!
2024-09-22 11:16:51,310 - __main__ - INFO - Token value: Token not available!
2024-09-22 11:27:31,605 - __main__ - INFO - Token value: Token not available!
2024-09-22 11:32:49,360 - __main__ - INFO - Token value: Token not available!
2024-09-22 11:58:51,357 - __main__ - INFO - Token value: Checking this line of code
2024-09-22 12:12:12,264 - __main__ - INFO - Token value: Checking this line of code
2024-09-22 12:12:12,265 - __main__ - INFO - Data appended to the file - 2024-09-22 12:12:12
2024-09-22 12:36:40,780 - __main__ - INFO - Token value: Checking this line of code
2024-09-22 12:36:40,781 - __main__ - INFO - Data appended to the file - 2024-09-22 12:36:40
<<<<<<< HEAD
2024-09-22 12:50:18,568 - __main__ - INFO - Token value: Checking this line of code
2024-09-22 12:50:18,568 - __main__ - INFO - Data appended to the file - 2024-09-22 12:50:18
2024-09-22 13:04:22,830 - __main__ - INFO - Token value: Checking this line of code
2024-09-22 13:04:22,831 - __main__ - INFO - Data appended to the file - 2024-09-22 13:04:22
2024-09-22 13:04:48,648 - __main__ - INFO - Token value: Checking this line of code
2024-09-22 13:04:48,648 - __main__ - INFO - Data appended to the file - 2024-09-22 13:04:48
2024-09-22 13:05:38,618 - __main__ - INFO - Token value: Checking this line of code
2024-09-22 13:05:38,618 - __main__ - INFO - Data appended to the file - 2024-09-22 13:05:38
2024-09-22 13:06:36,460 - __main__ - INFO - Token value: Checking this line of code
2024-09-22 13:06:36,460 - __main__ - INFO - Data appended to the file - 2024-09-22 13:06:36
=======
2024-09-22 07:23:59,990 - __main__ - INFO - Token value: Checking this line of code
2024-09-22 07:23:59,990 - __main__ - INFO - Data appended to the file - 2024-09-22 07:23:59
2024-09-22 07:29:23,439 - __main__ - INFO - Token value: Checking this line of code
2024-09-22 07:29:23,439 - __main__ - INFO - Data appended to the file - 2024-09-22 07:29:23
2024-09-22 07:35:51,915 - __main__ - INFO - Token value: Checking this line of code
2024-09-22 07:35:51,915 - __main__ - INFO - Data appended to the file - 2024-09-22 07:35:51
>>>>>>> f4796ad8364bd4367701be423978174c5a6b5624
2024-09-22 13:15:26,222 - __main__ - INFO - Token value: Checking this line of code
2024-09-22 13:15:26,222 - __main__ - INFO - Data appended to the file - 2024-09-22 13:15:26
2024-09-22 13:26:46,061 - __main__ - INFO - Token value: Checking this line of code
2024-09-22 13:26:46,061 - __main__ - INFO - Data appended to the file - 2024-09-22 13:26:46
2024-09-22 13:27:35,916 - __main__ - INFO - Token value: Checking this line of code
2024-09-22 13:27:35,916 - __main__ - INFO - Data appended to the file - 2024-09-22 13:27:35
2024-09-22 13:28:22,174 - __main__ - INFO - Token value: Checking this line of code
2024-09-22 13:28:22,174 - __main__ - INFO - Data appended to the file - 2024-09-22 13:28:22
2024-09-22 13:29:12,552 - __main__ - INFO - Token value: Checking this line of code
2024-09-22 13:29:12,552 - __main__ - INFO - Data appended to the file - 2024-09-22 13:29:12
2024-09-22 13:29:52,517 - __main__ - INFO - Token value: Checking this line of code
2024-09-22 13:29:52,517 - __main__ - INFO - Data appended to the file - 2024-09-22 13:29:52
2024-09-22 13:40:04,537 - __main__ - INFO - Token value: Checking this line of code
2024-09-22 13:40:04,538 - __main__ - INFO - Data appended to the file - 2024-09-22 13:40:04
